<?xml version="1.0" encoding="UTF-8"?>
<testng-results skipped="0" failed="0" ignored="0" total="1" passed="1">
  <reporter-output>
  </reporter-output>
  <suite name="Default suite" duration-ms="126604" started-at="2019-06-10T13:16:16Z" finished-at="2019-06-10T13:18:23Z">
    <groups>
    </groups>
    <test name="Default test" duration-ms="126604" started-at="2019-06-10T13:16:16Z" finished-at="2019-06-10T13:18:23Z">
      <class name="appiumTest.searchTest">
        <test-method status="PASS" signature="setup()[pri:0, instance:appiumTest.searchTest@77cd7a0]" name="setup" is-config="true" duration-ms="41412" started-at="2019-06-10T13:16:16Z" finished-at="2019-06-10T13:16:58Z">
          <reporter-output>
          </reporter-output>
        </test-method> <!-- setup -->
        <test-method status="PASS" signature="searchTextFileForUser()[pri:0, instance:appiumTest.searchTest@77cd7a0]" name="searchTextFileForUser" duration-ms="82917" started-at="2019-06-10T13:16:58Z" finished-at="2019-06-10T13:18:21Z">
          <reporter-output>
          </reporter-output>
        </test-method> <!-- searchTextFileForUser -->
        <test-method status="PASS" signature="teardown()[pri:0, instance:appiumTest.searchTest@77cd7a0]" name="teardown" is-config="true" duration-ms="2238" started-at="2019-06-10T13:18:21Z" finished-at="2019-06-10T13:18:23Z">
          <reporter-output>
          </reporter-output>
        </test-method> <!-- teardown -->
      </class> <!-- appiumTest.searchTest -->
    </test> <!-- Default test -->
  </suite> <!-- Default suite -->
</testng-results>
